# JRE version: Java(TM) SE Runtime Environment (8.0_66-b17) (build 1.8.0_66-b17)
# Java VM: Java HotSpot(TM) 64-Bit Server VM (25.66-b17 mixed mode linux-amd64 compressed oops)
Heap:
 PSYoungGen      total 262144K, used 41552K [0x00000000eab00000, 0x0000000100000000, 0x0000000100000000)
  eden space 173568K, 22% used [0x00000000eab00000,0x00000000ed1bc0b8,0x00000000f5480000)
  from space 88576K, 2% used [0x00000000fa980000,0x00000000fab58000,0x0000000100000000)
  to   space 87040K, 0% used [0x00000000f5480000,0x00000000f5480000,0x00000000fa980000)
 ParOldGen       total 699392K, used 103083K [0x00000000c0000000, 0x00000000eab00000, 0x00000000eab00000)
  object space 699392K, 14% used [0x00000000c0000000,0x00000000c64aafd8,0x00000000eab00000)
 Metaspace       used 70680K, capacity 71218K, committed 71552K, reserved 1107968K
  class space    used 12727K, capacity 12839K, committed 12928K, reserved 1048576K
GC Heap History (10 events):
Event: 27.170 GC heap before
{Heap before GC invocations=11 (full 1):
 PSYoungGen      total 178176K, used 177903K [0x00000000eab00000, 0x0000000100000000, 0x0000000100000000)
  eden space 167936K, 100% used [0x00000000eab00000,0x00000000f4f00000,0x00000000f4f00000)
  from space 10240K, 97% used [0x00000000f4f00000,0x00000000f58bbfc0,0x00000000f5900000)
  to   space 91648K, 0% used [0x00000000fa680000,0x00000000fa680000,0x0000000100000000)
 ParOldGen       total 699392K, used 85173K [0x00000000c0000000, 0x00000000eab00000, 0x00000000eab00000)
  object space 699392K, 12% used [0x00000000c0000000,0x00000000c532d630,0x00000000eab00000)
 Metaspace       used 70116K, capacity 70546K, committed 70784K, reserved 1107968K
  class space    used 12662K, capacity 12807K, committed 12928K, reserved 1048576K
Event: 27.182 GC heap after
Heap after GC invocations=11 (full 1):
 PSYoungGen      total 258560K, used 12428K [0x00000000eab00000, 0x0000000100000000, 0x0000000100000000)
  eden space 166912K, 0% used [0x00000000eab00000,0x00000000eab00000,0x00000000f4e00000)
  from space 91648K, 13% used [0x00000000fa680000,0x00000000fb2a3348,0x0000000100000000)
  to   space 90624K, 0% used [0x00000000f4e00000,0x00000000f4e00000,0x00000000fa680000)
 ParOldGen       total 699392K, used 85181K [0x00000000c0000000, 0x00000000eab00000, 0x00000000eab00000)
  object space 699392K, 12% used [0x00000000c0000000,0x00000000c532f630,0x00000000eab00000)
 Metaspace       used 70116K, capacity 70546K, committed 70784K, reserved 1107968K
  class space    used 12662K, capacity 12807K, committed 12928K, reserved 1048576K
}
Event: 28.278 GC heap before
{Heap before GC invocations=12 (full 1):
 PSYoungGen      total 258560K, used 179340K [0x00000000eab00000, 0x0000000100000000, 0x0000000100000000)
  eden space 166912K, 100% used [0x00000000eab00000,0x00000000f4e00000,0x00000000f4e00000)
  from space 91648K, 13% used [0x00000000fa680000,0x00000000fb2a3348,0x0000000100000000)
  to   space 90624K, 0% used [0x00000000f4e00000,0x00000000f4e00000,0x00000000fa680000)
 ParOldGen       total 699392K, used 85181K [0x00000000c0000000, 0x00000000eab00000, 0x00000000eab00000)
  object space 699392K, 12% used [0x00000000c0000000,0x00000000c532f630,0x00000000eab00000)
 Metaspace       used 70208K, capacity 70738K, committed 71040K, reserved 1107968K
  class space    used 12662K, capacity 12807K, committed 12928K, reserved 1048576K
Event: 28.301 GC heap after
Heap after GC invocations=12 (full 1):
 PSYoungGen      total 257536K, used 5024K [0x00000000eab00000, 0x0000000100000000, 0x0000000100000000)
  eden space 166912K, 0% used [0x00000000eab00000,0x00000000eab00000,0x00000000f4e00000)
  from space 90624K, 5% used [0x00000000f4e00000,0x00000000f52e8020,0x00000000fa680000)
  to   space 90624K, 0% used [0x00000000fa780000,0x00000000fa780000,0x0000000100000000)
 ParOldGen       total 699392K, used 95436K [0x00000000c0000000, 0x00000000eab00000, 0x00000000eab00000)
  object space 699392K, 13% used [0x00000000c0000000,0x00000000c5d33378,0x00000000eab00000)
 Metaspace       used 70208K, capacity 70738K, committed 71040K, reserved 1107968K
  class space    used 12662K, capacity 12807K, committed 12928K, reserved 1048576K
}
Event: 28.706 GC heap before
{Heap before GC invocations=13 (full 1):
 PSYoungGen      total 257536K, used 171936K [0x00000000eab00000, 0x0000000100000000, 0x0000000100000000)
  eden space 166912K, 100% used [0x00000000eab00000,0x00000000f4e00000,0x00000000f4e00000)
  from space 90624K, 5% used [0x00000000f4e00000,0x00000000f52e8020,0x00000000fa680000)
  to   space 90624K, 0% used [0x00000000fa780000,0x00000000fa780000,0x0000000100000000)
 ParOldGen       total 699392K, used 95436K [0x00000000c0000000, 0x00000000eab00000, 0x00000000eab00000)
  object space 699392K, 13% used [0x00000000c0000000,0x00000000c5d33378,0x00000000eab00000)
 Metaspace       used 70213K, capacity 70738K, committed 71040K, reserved 1107968K
  class space    used 12662K, capacity 12807K, committed 12928K, reserved 1048576K
Event: 28.716 GC heap after
Heap after GC invocations=13 (full 1):
 PSYoungGen      total 259072K, used 1952K [0x00000000eab00000, 0x0000000100000000, 0x0000000100000000)
  eden space 168448K, 0% used [0x00000000eab00000,0x00000000eab00000,0x00000000f4f80000)
  from space 90624K, 2% used [0x00000000fa780000,0x00000000fa968000,0x0000000100000000)
  to   space 90112K, 0% used [0x00000000f4f80000,0x00000000f4f80000,0x00000000fa780000)
 ParOldGen       total 699392K, used 98695K [0x00000000c0000000, 0x00000000eab00000, 0x00000000eab00000)
  object space 699392K, 14% used [0x00000000c0000000,0x00000000c6061ff8,0x00000000eab00000)
 Metaspace       used 70213K, capacity 70738K, committed 71040K, reserved 1107968K
  class space    used 12662K, capacity 12807K, committed 12928K, reserved 1048576K
}
Event: 29.773 GC heap before
{Heap before GC invocations=14 (full 1):
 PSYoungGen      total 259072K, used 170400K [0x00000000eab00000, 0x0000000100000000, 0x0000000100000000)
  eden space 168448K, 100% used [0x00000000eab00000,0x00000000f4f80000,0x00000000f4f80000)
  from space 90624K, 2% used [0x00000000fa780000,0x00000000fa968000,0x0000000100000000)
  to   space 90112K, 0% used [0x00000000f4f80000,0x00000000f4f80000,0x00000000fa780000)
 ParOldGen       total 699392K, used 98695K [0x00000000c0000000, 0x00000000eab00000, 0x00000000eab00000)
  object space 699392K, 14% used [0x00000000c0000000,0x00000000c6061ff8,0x00000000eab00000)
 Metaspace       used 70268K, capacity 70738K, committed 71040K, reserved 1107968K
  class space    used 12662K, capacity 12807K, committed 12928K, reserved 1048576K
Event: 29.789 GC heap after
Heap after GC invocations=14 (full 1):
 PSYoungGen      total 258560K, used 3712K [0x00000000eab00000, 0x0000000100000000, 0x0000000100000000)
  eden space 168448K, 0% used [0x00000000eab00000,0x00000000eab00000,0x00000000f4f80000)
  from space 90112K, 4% used [0x00000000f4f80000,0x00000000f5320000,0x00000000fa780000)
  to   space 88576K, 0% used [0x00000000fa980000,0x00000000fa980000,0x0000000100000000)
 ParOldGen       total 699392K, used 100410K [0x00000000c0000000, 0x00000000eab00000, 0x00000000eab00000)
  object space 699392K, 14% used [0x00000000c0000000,0x00000000c620ea18,0x00000000eab00000)
 Metaspace       used 70268K, capacity 70738K, committed 71040K, reserved 1107968K
  class space    used 12662K, capacity 12807K, committed 12928K, reserved 1048576K
}
Event: 30.309 GC heap before
{Heap before GC invocations=15 (full 1):
 PSYoungGen      total 258560K, used 172160K [0x00000000eab00000, 0x0000000100000000, 0x0000000100000000)
  eden space 168448K, 100% used [0x00000000eab00000,0x00000000f4f80000,0x00000000f4f80000)
  from space 90112K, 4% used [0x00000000f4f80000,0x00000000f5320000,0x00000000fa780000)
  to   space 88576K, 0% used [0x00000000fa980000,0x00000000fa980000,0x0000000100000000)
 ParOldGen       total 699392K, used 100410K [0x00000000c0000000, 0x00000000eab00000, 0x00000000eab00000)
  object space 699392K, 14% used [0x00000000c0000000,0x00000000c620ea18,0x00000000eab00000)
 Metaspace       used 70281K, capacity 70738K, committed 71040K, reserved 1107968K
  class space    used 12663K, capacity 12807K, committed 12928K, reserved 1048576K
Event: 30.321 GC heap after
Heap after GC invocations=15 (full 1):
 PSYoungGen      total 262144K, used 1888K [0x00000000eab00000, 0x0000000100000000, 0x0000000100000000)
  eden space 173568K, 0% used [0x00000000eab00000,0x00000000eab00000,0x00000000f5480000)
  from space 88576K, 2% used [0x00000000fa980000,0x00000000fab58000,0x0000000100000000)
  to   space 87040K, 0% used [0x00000000f5480000,0x00000000f5480000,0x00000000fa980000)
 ParOldGen       total 699392K, used 103083K [0x00000000c0000000, 0x00000000eab00000, 0x00000000eab00000)
  object space 699392K, 14% used [0x00000000c0000000,0x00000000c64aafd8,0x00000000eab00000)
 Metaspace       used 70281K, capacity 70738K, committed 71040K, reserved 1107968K
  class space    used 12663K, capacity 12807K, committed 12928K, reserved 1048576K
}

